22:55:19 **** Incremental Build of configuration Debug for project 000Hello ****
make -j4 all 
arm-none-eabi-gcc "../Src/100ADE_comunicate.c" -mcpu=cortex-m4 -std=gnu11 -g3 -DSTM32 -DSTM32F407G_DISC1 -DSTM32F4 -DSTM32F407VGTx -DDEBUG -c -I../Inc -I"E:/Knowledge/Stm32f407xx Discovery/workspace/000Hello/drivers/Inc" -I"E:/Knowledge/Stm32f407xx Discovery/workspace/000Hello/drivers/Src" -O0 -ffunction-sections -fdata-sections -Wall -fstack-usage -MMD -MP -MF"Src/100ADE_comunicate.d" -MT"Src/100ADE_comunicate.o" --specs=nano.specs -mfloat-abi=soft -mthumb -o "Src/100ADE_comunicate.o"
../Src/100ADE_comunicate.c: In function 'EXTI9_5_IRQHandler':
../Src/100ADE_comunicate.c:240:18: warning: format '%x' expects argument of type 'unsigned int', but argument 2 has type 'uint32_t' {aka 'long unsigned int'} [-Wformat=]
  240 |  printf("VRMS : %x \n", ADE_ReadData(SPI2, VRMS, 3));
      |                 ~^      ~~~~~~~~~~~~~~~~~~~~~~~~~~~
      |                  |      |
      |                  |      uint32_t {aka long unsigned int}
      |                  unsigned int
      |                 %lx
../Src/100ADE_comunicate.c:241:18: warning: format '%x' expects argument of type 'unsigned int', but argument 2 has type 'uint32_t' {aka 'long unsigned int'} [-Wformat=]
  241 |  printf("VRMS : %x \n", ADE_ReadData(SPI2, MODE, 2));
      |                 ~^      ~~~~~~~~~~~~~~~~~~~~~~~~~~~
      |                  |      |
      |                  |      uint32_t {aka long unsigned int}
      |                  unsigned int
      |                 %lx
arm-none-eabi-gcc -o "000Hello.elf" @"objects.list"   -mcpu=cortex-m4 -T"E:\Knowledge\Stm32f407xx Discovery\workspace\000Hello\STM32F407VGTX_FLASH.ld" --specs=nosys.specs -Wl,-Map="000Hello.map" -Wl,--gc-sections -static --specs=nano.specs -mfloat-abi=soft -mthumb -Wl,--start-group -lc -lm -Wl,--end-group
Finished building target: 000Hello.elf
 
arm-none-eabi-objdump -h -S  000Hello.elf  > "000Hello.list"
arm-none-eabi-objcopy  -O binary  000Hello.elf  "000Hello.bin"
arm-none-eabi-size   000Hello.elf 
   text	   data	    bss	    dec	    hex	filename
   9960	    108	   2676	  12744	   31c8	000Hello.elf
Finished building: default.size.stdout
 
Finished building: 000Hello.bin
 
Finished building: 000Hello.list
 
22:55:36 **** Incremental Build of configuration Debug for project 000Hello ****
make -j4 all 
arm-none-eabi-size   000Hello.elf 
   text	   data	    bss	    dec	    hex	filename
   9960	    108	   2676	  12744	   31c8	000Hello.elf
Finished building: default.size.stdout
 
22:59:35 **** Incremental Build of configuration Debug for project 000Hello ****
make -j4 all 
arm-none-eabi-size   000Hello.elf 
   text	   data	    bss	    dec	    hex	filename
   9960	    108	   2676	  12744	   31c8	000Hello.elf
Finished building: default.size.stdout
 
23:04:02 **** Incremental Build of configuration Debug for project 000Hello ****
make -j4 all 
arm-none-eabi-size   000Hello.elf 
   text	   data	    bss	    dec	    hex	filename
   9960	    108	   2676	  12744	   31c8	000Hello.elf
Finished building: default.size.stdout
 
23:05:04 **** Incremental Build of configuration Debug for project 000Hello ****
make -j4 all 
arm-none-eabi-size   000Hello.elf 
   text	   data	    bss	    dec	    hex	filename
   9960	    108	   2676	  12744	   31c8	000Hello.elf
Finished building: default.size.stdout
 
23:05:59 **** Incremental Build of configuration Debug for project 000Hello ****
make -j4 all 
arm-none-eabi-size   000Hello.elf 
   text	   data	    bss	    dec	    hex	filename
   9960	    108	   2676	  12744	   31c8	000Hello.elf
Finished building: default.size.stdout
 
23:13:32 **** Incremental Build of configuration Debug for project 000Hello ****
make -j4 all 
arm-none-eabi-size   000Hello.elf 
   text	   data	    bss	    dec	    hex	filename
   9960	    108	   2676	  12744	   31c8	000Hello.elf
Finished building: default.size.stdout
 
